c:\partha\src_version_004_eventhandlerforfaceregistrationandbasicqt\facebodydetectionopenvino_10feb\adaptivepersonidentificationqt\ui_identify.h
c:\partha\src_version_004_eventhandlerforfaceregistrationandbasicqt\facebodydetectionopenvino_10feb\adaptivepersonidentificationqt\ui_mainwindow.h
c:\partha\src_version_004_eventhandlerforfaceregistrationandbasicqt\facebodydetectionopenvino_10feb\adaptivepersonidentificationqt\ui_registration.h
c:\partha\src_version_004_eventhandlerforfaceregistrationandbasicqt\facebodydetectionopenvino_10feb\adaptivepersonidentificationqt\release\qrc_resource.cpp
c:\partha\src_version_004_eventhandlerforfaceregistrationandbasicqt\facebodydetectionopenvino_10feb\adaptivepersonidentificationqt\release\moc_identify.cpp
c:\partha\src_version_004_eventhandlerforfaceregistrationandbasicqt\facebodydetectionopenvino_10feb\adaptivepersonidentificationqt\release\moc_mainwindow.cpp
c:\partha\src_version_004_eventhandlerforfaceregistrationandbasicqt\facebodydetectionopenvino_10feb\adaptivepersonidentificationqt\release\moc_registration.cpp
c:\partha\src_version_004_eventhandlerforfaceregistrationandbasicqt\facebodydetectionopenvino_10feb\adaptivepersonidentificationqt\win32\release\moc_mainwindow.obj
c:\partha\src_version_004_eventhandlerforfaceregistrationandbasicqt\facebodydetectionopenvino_10feb\adaptivepersonidentificationqt\win32\release\qrc_resource.obj
c:\partha\src_version_004_eventhandlerforfaceregistrationandbasicqt\facebodydetectionopenvino_10feb\adaptivepersonidentificationqt\win32\release\moc_registration.obj
c:\partha\src_version_004_eventhandlerforfaceregistrationandbasicqt\facebodydetectionopenvino_10feb\adaptivepersonidentificationqt\win32\release\moc_identify.obj
c:\partha\src_version_004_eventhandlerforfaceregistrationandbasicqt\facebodydetectionopenvino_10feb\adaptivepersonidentificationqt\win32\release\registration.obj
c:\partha\src_version_004_eventhandlerforfaceregistrationandbasicqt\facebodydetectionopenvino_10feb\adaptivepersonidentificationqt\win32\release\mainwindow.obj
c:\partha\src_version_004_eventhandlerforfaceregistrationandbasicqt\facebodydetectionopenvino_10feb\adaptivepersonidentificationqt\win32\release\main.obj
c:\partha\src_version_004_eventhandlerforfaceregistrationandbasicqt\facebodydetectionopenvino_10feb\adaptivepersonidentificationqt\win32\release\identify.obj
c:\partha\src_version_004_eventhandlerforfaceregistrationandbasicqt\facebodydetectionopenvino_10feb\adaptivepersonidentificationqt\release\moc_predefs.h
c:\partha\src_version_004_eventhandlerforfaceregistrationandbasicqt\facebodydetectionopenvino_10feb\adaptivepersonidentificationqt\win32\release\adaptive.bad66d17.tlog\adaptivepersonidentification.write.1u.tlog
c:\partha\src_version_004_eventhandlerforfaceregistrationandbasicqt\facebodydetectionopenvino_10feb\adaptivepersonidentificationqt\win32\release\adaptive.bad66d17.tlog\cl.15028.write.1.tlog
c:\partha\src_version_004_eventhandlerforfaceregistrationandbasicqt\facebodydetectionopenvino_10feb\adaptivepersonidentificationqt\win32\release\adaptive.bad66d17.tlog\cl.command.1.tlog
c:\partha\src_version_004_eventhandlerforfaceregistrationandbasicqt\facebodydetectionopenvino_10feb\adaptivepersonidentificationqt\win32\release\adaptive.bad66d17.tlog\cl.read.1.tlog
c:\partha\src_version_004_eventhandlerforfaceregistrationandbasicqt\facebodydetectionopenvino_10feb\adaptivepersonidentificationqt\win32\release\adaptive.bad66d17.tlog\custombuild.command.1.tlog
c:\partha\src_version_004_eventhandlerforfaceregistrationandbasicqt\facebodydetectionopenvino_10feb\adaptivepersonidentificationqt\win32\release\adaptive.bad66d17.tlog\custombuild.read.1.tlog
c:\partha\src_version_004_eventhandlerforfaceregistrationandbasicqt\facebodydetectionopenvino_10feb\adaptivepersonidentificationqt\win32\release\adaptive.bad66d17.tlog\custombuild.write.1.tlog
c:\partha\src_version_004_eventhandlerforfaceregistrationandbasicqt\facebodydetectionopenvino_10feb\adaptivepersonidentificationqt\win32\release\adaptive.bad66d17.tlog\link.command.1.tlog
c:\partha\src_version_004_eventhandlerforfaceregistrationandbasicqt\facebodydetectionopenvino_10feb\adaptivepersonidentificationqt\win32\release\adaptive.bad66d17.tlog\link.read.1.tlog
c:\partha\src_version_004_eventhandlerforfaceregistrationandbasicqt\facebodydetectionopenvino_10feb\adaptivepersonidentificationqt\win32\release\adaptive.bad66d17.tlog\link.write.1.tlog
c:\partha\src_version_004_eventhandlerforfaceregistrationandbasicqt\facebodydetectionopenvino_10feb\adaptivepersonidentificationqt\win32\release\adaptive.bad66d17.tlog\moc.read.1u.tlog
c:\partha\src_version_004_eventhandlerforfaceregistrationandbasicqt\facebodydetectionopenvino_10feb\adaptivepersonidentificationqt\win32\release\adaptive.bad66d17.tlog\moc.write.1u.tlog
c:\partha\src_version_004_eventhandlerforfaceregistrationandbasicqt\facebodydetectionopenvino_10feb\adaptivepersonidentificationqt\win32\release\adaptive.bad66d17.tlog\rcc.read.1u.tlog
c:\partha\src_version_004_eventhandlerforfaceregistrationandbasicqt\facebodydetectionopenvino_10feb\adaptivepersonidentificationqt\win32\release\adaptive.bad66d17.tlog\rcc.write.1u.tlog
c:\partha\src_version_004_eventhandlerforfaceregistrationandbasicqt\facebodydetectionopenvino_10feb\adaptivepersonidentificationqt\win32\release\adaptive.bad66d17.tlog\uic.read.1u.tlog
c:\partha\src_version_004_eventhandlerforfaceregistrationandbasicqt\facebodydetectionopenvino_10feb\adaptivepersonidentificationqt\win32\release\adaptive.bad66d17.tlog\uic.write.1u.tlog
