  Reading Qt configuration (C:\Qt\Qt5.14.1\5.14.1\msvc2017_64\bin\qmake.exe)
  Generate moc_predefs.h
  Uic'ing identify.ui...
  Uic'ing mainwindow.ui...
  Uic'ing registration.ui...
  Rcc'ing resource.qrc...
  Moc'ing identify.h...
  Moc'ing mainwindow.h...
  Moc'ing registration.h...
  identify.cpp
  main.cpp
  mainwindow.cpp
  registration.cpp
C:\partha\src_version_004_EventHandlerForFaceRegistrationAndBasicQT\FaceBodyDetectionOpenVINO_10FEB\AdaptivePersonIdentificationQT\identify.cpp(61,60): warning C4100: 'arg1': unreferenced formal parameter
C:\partha\src_version_004_EventHandlerForFaceRegistrationAndBasicQT\FaceBodyDetectionOpenVINO_10FEB\AdaptivePersonIdentificationQT\identify.cpp(66,57): warning C4100: 'arg1': unreferenced formal parameter
C:\partha\src_version_004_EventHandlerForFaceRegistrationAndBasicQT\FaceBodyDetectionOpenVINO_10FEB\AdaptivePersonIdentificationQT\identify.cpp(71,58): warning C4100: 'arg1': unreferenced formal parameter
C:\partha\src_version_004_EventHandlerForFaceRegistrationAndBasicQT\FaceBodyDetectionOpenVINO_10FEB\AdaptivePersonIdentificationQT\registration.cpp(71,64): warning C4100: 'arg1': unreferenced formal parameter
C:\partha\src_version_004_EventHandlerForFaceRegistrationAndBasicQT\FaceBodyDetectionOpenVINO_10FEB\AdaptivePersonIdentificationQT\registration.cpp(76,61): warning C4100: 'arg1': unreferenced formal parameter
C:\partha\src_version_004_EventHandlerForFaceRegistrationAndBasicQT\FaceBodyDetectionOpenVINO_10FEB\AdaptivePersonIdentificationQT\registration.cpp(81,62): warning C4100: 'arg1': unreferenced formal parameter
  qrc_resource.cpp
  moc_identify.cpp
  moc_mainwindow.cpp
  moc_registration.cpp
Qt5Widgets.lib(Qt5Widgets.dll) : fatal error LNK1112: module machine type 'x64' conflicts with target machine type 'x86'
